<?xml version="1.0" encoding="UTF-8"?>
<testsuite name="com.reserva.cancha.ReservaCanchaFApplicationTests" tests="1" skipped="0" failures="0" errors="0" timestamp="2025-09-03T00:48:28.865Z" hostname="DESKTOP-N11I8UL" time="0.906">
  <properties/>
  <testcase name="contextLoads()" classname="com.reserva.cancha.ReservaCanchaFApplicationTests" time="0.906"/>
  <system-out><![CDATA[19:48:18.158 [Test worker] INFO org.springframework.test.context.support.AnnotationConfigContextLoaderUtils -- Could not detect default configuration classes for test class [com.reserva.cancha.ReservaCanchaFApplicationTests]: ReservaCanchaFApplicationTests does not declare any static, non-private, non-final, nested classes annotated with @Configuration.
19:48:18.470 [Test worker] INFO org.springframework.boot.test.context.SpringBootTestContextBootstrapper -- Found @SpringBootConfiguration com.reserva.cancha.ReservaCanchaFApplication for test class com.reserva.cancha.ReservaCanchaFApplicationTests

  .   ____          _            __ _ _
 /\\ / ___'_ __ _ _(_)_ __  __ _ \ \ \ \
( ( )\___ | '_ | '_| | '_ \/ _` | \ \ \ \
 \\/  ___)| |_)| | | | | || (_| |  ) ) ) )
  '  |____| .__|_| |_|_| |_\__, | / / / /
 =========|_|==============|___/=/_/_/_/

 :: Spring Boot ::                (v3.3.2)

2025-09-02T19:48:19.663-05:00  INFO 20244 --- [ReservaCanchaF] [    Test worker] c.r.c.ReservaCanchaFApplicationTests     : Starting ReservaCanchaFApplicationTests using Java 21.0.8 with PID 20244 (started by user in C:\Users\user\Downloads\ReservaCanchaF_skeleton)
2025-09-02T19:48:19.664-05:00  INFO 20244 --- [ReservaCanchaF] [    Test worker] c.r.c.ReservaCanchaFApplicationTests     : The following 1 profile is active: "test"
2025-09-02T19:48:21.241-05:00  INFO 20244 --- [ReservaCanchaF] [    Test worker] .s.d.r.c.RepositoryConfigurationDelegate : Bootstrapping Spring Data JPA repositories in DEFAULT mode.
2025-09-02T19:48:21.344-05:00  INFO 20244 --- [ReservaCanchaF] [    Test worker] .s.d.r.c.RepositoryConfigurationDelegate : Finished Spring Data repository scanning in 86 ms. Found 2 JPA repository interfaces.
2025-09-02T19:48:22.219-05:00  INFO 20244 --- [ReservaCanchaF] [    Test worker] o.hibernate.jpa.internal.util.LogHelper  : HHH000204: Processing PersistenceUnitInfo [name: default]
2025-09-02T19:48:22.387-05:00  INFO 20244 --- [ReservaCanchaF] [    Test worker] org.hibernate.Version                    : HHH000412: Hibernate ORM core version 6.5.2.Final
2025-09-02T19:48:22.459-05:00  INFO 20244 --- [ReservaCanchaF] [    Test worker] o.h.c.internal.RegionFactoryInitiator    : HHH000026: Second-level cache disabled
2025-09-02T19:48:23.444-05:00  INFO 20244 --- [ReservaCanchaF] [    Test worker] o.s.o.j.p.SpringPersistenceUnitInfo      : No LoadTimeWeaver setup: ignoring JPA class transformer
2025-09-02T19:48:23.508-05:00  INFO 20244 --- [ReservaCanchaF] [    Test worker] com.zaxxer.hikari.HikariDataSource       : HikariPool-1 - Starting...
2025-09-02T19:48:23.806-05:00  INFO 20244 --- [ReservaCanchaF] [    Test worker] com.zaxxer.hikari.pool.HikariPool        : HikariPool-1 - Added connection conn0: url=jdbc:h2:mem:reservas user=SA
2025-09-02T19:48:23.809-05:00  INFO 20244 --- [ReservaCanchaF] [    Test worker] com.zaxxer.hikari.HikariDataSource       : HikariPool-1 - Start completed.
2025-09-02T19:48:23.845-05:00  WARN 20244 --- [ReservaCanchaF] [    Test worker] org.hibernate.orm.deprecation            : HHH90000025: H2Dialect does not need to be specified explicitly using 'hibernate.dialect' (remove the property setting and it will be selected by default)
2025-09-02T19:48:25.304-05:00  INFO 20244 --- [ReservaCanchaF] [    Test worker] o.h.e.t.j.p.i.JtaPlatformInitiator       : HHH000489: No JTA platform available (set 'hibernate.transaction.jta.platform' to enable JTA platform integration)
2025-09-02T19:48:25.311-05:00  INFO 20244 --- [ReservaCanchaF] [    Test worker] j.LocalContainerEntityManagerFactoryBean : Initialized JPA EntityManagerFactory for persistence unit 'default'
2025-09-02T19:48:25.898-05:00  INFO 20244 --- [ReservaCanchaF] [    Test worker] o.s.d.j.r.query.QueryEnhancerFactory     : Hibernate is in classpath; If applicable, HQL parser will be used.
2025-09-02T19:48:27.649-05:00  WARN 20244 --- [ReservaCanchaF] [    Test worker] JpaBaseConfiguration$JpaWebConfiguration : spring.jpa.open-in-view is enabled by default. Therefore, database queries may be performed during view rendering. Explicitly configure spring.jpa.open-in-view to disable this warning
2025-09-02T19:48:28.823-05:00  INFO 20244 --- [ReservaCanchaF] [    Test worker] c.r.c.ReservaCanchaFApplicationTests     : Started ReservaCanchaFApplicationTests in 9.766 seconds (process running for 12.329)
]]></system-out>
  <system-err><![CDATA[WARNING: A Java agent has been loaded dynamically (C:\Users\user\.gradle\caches\modules-2\files-2.1\net.bytebuddy\byte-buddy-agent\1.14.18\417558ea01fe9f0e8a94af28b9469d281c4e3984\byte-buddy-agent-1.14.18.jar)
WARNING: If a serviceability tool is in use, please run with -XX:+EnableDynamicAgentLoading to hide this warning
WARNING: If a serviceability tool is not in use, please run with -Djdk.instrument.traceUsage for more information
WARNING: Dynamic loading of agents will be disallowed by default in a future release
]]></system-err>
</testsuite>
